<?xml version="1.0" encoding="UTF-8"?>
<testng-results ignored="0" total="4" passed="4" failed="0" skipped="0">
  <reporter-output>
    <line>
      <![CDATA[Fact is : A cat will tremble or shiver when it is extreme pain.]]>
    </line>
    <line>
      <![CDATA[Source is :  api]]>
    </line>
    <line>
      <![CDATA[type is : cat]]>
    </line>
    <line>
      <![CDATA[{"used":false,"source":"api","type":"cat","deleted":false,"_id":"591f98703b90f7150a19c163","__v":0,"text":"A cat will tremble or shiver when it is extreme pain.","updatedAt":"2020-05-10T20:20:11.457Z","createdAt":"2018-05-07T20:20:02.633Z","status":{"verified":true,"sentCount":1},"user":"5a9ac18c7478810ea6c06381"}]]>
    </line>
  </reporter-output>
  <suite started-at="2020-05-23T00:40:01 EET" name="terkwaz" finished-at="2020-05-23T00:40:20 EET" duration-ms="18501">
    <groups>
    </groups>
    <test started-at="2020-05-23T00:40:01 EET" name="CheckThirdResult" finished-at="2020-05-23T00:40:05 EET" duration-ms="3532">
      <class name="tests.CheckThirdResult">
        <test-method signature="CheckThirdresult()[pri:0, instance:tests.CheckThirdResult@d4342c2]" started-at="2020-05-23T00:40:01 EET" name="CheckThirdresult" finished-at="2020-05-23T00:40:05 EET" duration-ms="3509" status="PASS">
          <reporter-output>
          </reporter-output>
        </test-method> <!-- CheckThirdresult -->
      </class> <!-- tests.CheckThirdResult -->
    </test> <!-- CheckThirdResult -->
    <test started-at="2020-05-23T00:40:05 EET" name="UploadImage" finished-at="2020-05-23T00:40:10 EET" duration-ms="5391">
      <class name="tests.UploadImage">
        <test-method signature="FileUpload()[pri:0, instance:tests.UploadImage@5c909414]" started-at="2020-05-23T00:40:05 EET" name="FileUpload" finished-at="2020-05-23T00:40:10 EET" duration-ms="5387" status="PASS">
          <reporter-output>
          </reporter-output>
        </test-method> <!-- FileUpload -->
      </class> <!-- tests.UploadImage -->
    </test> <!-- UploadImage -->
    <test started-at="2020-05-23T00:40:10 EET" name="DynamicLoadingTest" finished-at="2020-05-23T00:40:17 EET" duration-ms="7009">
      <class name="tests.DynamicLoadingTest">
        <test-method signature="DynamicLoading()[pri:0, instance:tests.DynamicLoadingTest@4690b489]" started-at="2020-05-23T00:40:10 EET" name="DynamicLoading" finished-at="2020-05-23T00:40:17 EET" duration-ms="7007" status="PASS">
          <reporter-output>
          </reporter-output>
        </test-method> <!-- DynamicLoading -->
      </class> <!-- tests.DynamicLoadingTest -->
    </test> <!-- DynamicLoadingTest -->
    <test started-at="2020-05-23T00:40:17 EET" name="CatFactsAPITest" finished-at="2020-05-23T00:40:20 EET" duration-ms="2511">
      <class name="tests.DynamicLoadingTest">
        <test-method is-config="true" signature="startDriver()[pri:0, instance:tests.DynamicLoadingTest@4690b489]" started-at="2020-05-23T00:39:55 EET" name="startDriver" finished-at="2020-05-23T00:40:01 EET" duration-ms="5789" status="PASS">
          <reporter-output>
          </reporter-output>
        </test-method> <!-- startDriver -->
        <test-method is-config="true" signature="stopDriver()[pri:0, instance:tests.DynamicLoadingTest@4690b489]" started-at="2020-05-23T00:40:20 EET" name="stopDriver" finished-at="2020-05-23T00:40:21 EET" duration-ms="919" status="PASS">
          <reporter-output>
          </reporter-output>
        </test-method> <!-- stopDriver -->
      </class> <!-- tests.DynamicLoadingTest -->
      <class name="tests.CatFactsAPITest">
        <test-method signature="requestRandomCatFact()[pri:0, instance:tests.CatFactsAPITest@149e0f5d]" started-at="2020-05-23T00:40:17 EET" name="requestRandomCatFact" finished-at="2020-05-23T00:40:20 EET" duration-ms="2509" status="PASS">
          <reporter-output>
            <line>
              <![CDATA[Fact is : A cat will tremble or shiver when it is extreme pain.]]>
            </line>
            <line>
              <![CDATA[Source is :  api]]>
            </line>
            <line>
              <![CDATA[type is : cat]]>
            </line>
            <line>
              <![CDATA[{"used":false,"source":"api","type":"cat","deleted":false,"_id":"591f98703b90f7150a19c163","__v":0,"text":"A cat will tremble or shiver when it is extreme pain.","updatedAt":"2020-05-10T20:20:11.457Z","createdAt":"2018-05-07T20:20:02.633Z","status":{"verified":true,"sentCount":1},"user":"5a9ac18c7478810ea6c06381"}]]>
            </line>
          </reporter-output>
        </test-method> <!-- requestRandomCatFact -->
      </class> <!-- tests.CatFactsAPITest -->
    </test> <!-- CatFactsAPITest -->
  </suite> <!-- terkwaz -->
</testng-results>
